<?xml version="1.0" encoding="UTF-8"?>
<testsuite name="control.DoubleTest" tests="5" skipped="0" failures="0" errors="0" timestamp="2026-01-07T17:35:19" hostname="runnervmh13bl" time="0.036">
  <properties/>
  <testcase name="testCountDuplicates()" classname="control.DoubleTest" time="0.021"/>
  <testcase name="testCountPairs()" classname="control.DoubleTest" time="0.002"/>
  <testcase name="testSumTriangle()" classname="control.DoubleTest" time="0.001"/>
  <testcase name="testSumMatrix()" classname="control.DoubleTest" time="0.001"/>
  <testcase name="testSumSquare()" classname="control.DoubleTest" time="0.001"/>
  <system-out><![CDATA[]]></system-out>
  <system-err><![CDATA[]]></system-err>
</testsuite>
