<?xml version="1.0" encoding="UTF-8"?>
<testsuite name="control.SingleTest" tests="3" skipped="0" failures="0" errors="0" timestamp="2026-01-07T17:35:19" hostname="runnervmh13bl" time="0.009">
  <properties/>
  <testcase name="testSumRange()" classname="control.SingleTest" time="0.002"/>
  <testcase name="testSumModulus()" classname="control.SingleTest" time="0.004"/>
  <testcase name="testMaxArray()" classname="control.SingleTest" time="0.0"/>
  <system-out><![CDATA[]]></system-out>
  <system-err><![CDATA[]]></system-err>
</testsuite>
